mode: set
parkingLot/mock/mock_observer/observer.go:31.61,35.2 3 0
parkingLot/mock/mock_observer/observer.go:38.59,40.2 1 0
parkingLot/mock/mock_observer/observer.go:43.39,48.2 4 0
parkingLot/mock/mock_observer/observer.go:51.58,54.2 2 0
parkingLot/mock/mock_observer/observer.go:57.60,62.2 4 0
parkingLot/mock/mock_observer/observer.go:65.73,68.2 2 0
parkingLot/mock/mock_parking/parking.go:32.65,36.2 3 0
parkingLot/mock/mock_parking/parking.go:39.63,41.2 1 0
parkingLot/mock/mock_parking/parking.go:44.90,50.2 5 0
parkingLot/mock/mock_parking/parking.go:53.72,56.2 2 0
parkingLot/mock/mock_parking/parking.go:59.72,65.2 5 0
parkingLot/mock/mock_parking/parking.go:68.75,71.2 2 0
parkingLot/mock/mock_parking/parking.go:74.89,80.2 5 0
parkingLot/mock/mock_parking/parking.go:83.75,86.2 2 0
parkingLot/mock/mock_parking/parking.go:89.45,94.2 4 0
parkingLot/mock/mock_parking/parking.go:97.67,100.2 2 0
parkingLot/mock/mock_parking/parking.go:103.46,108.2 4 0
parkingLot/mock/mock_parking/parking.go:111.68,114.2 2 0
parkingLot/mock/mock_parking/parking.go:117.43,122.2 4 0
parkingLot/mock/mock_parking/parking.go:125.65,128.2 2 0
parkingLot/mock/mock_parking/parking.go:131.43,136.2 4 0
parkingLot/mock/mock_parking/parking.go:139.62,142.2 2 0
parkingLot/mock/mock_parking/parking.go:145.43,150.2 4 0
parkingLot/mock/mock_parking/parking.go:153.64,156.2 2 0
parkingLot/mock/mock_subject/subject.go:32.59,36.2 3 0
parkingLot/mock/mock_subject/subject.go:39.57,41.2 1 0
parkingLot/mock/mock_subject/subject.go:44.58,47.2 2 0
parkingLot/mock/mock_subject/subject.go:50.70,53.2 2 0
parkingLot/mock/mock_subject/subject.go:56.35,59.2 2 0
parkingLot/mock/mock_subject/subject.go:62.61,65.2 2 0
parkingLot/mock/mock_subject/subject.go:68.56,71.2 2 0
parkingLot/mock/mock_subject/subject.go:74.68,77.2 2 0
parkingLot/main.go:12.34,18.2 4 0
parkingLot/main.go:20.13,160.6 9 0
parkingLot/main.go:160.6,162.20 2 0
parkingLot/main.go:162.20,172.4 6 0
parkingLot/main.go:172.9,172.27 1 0
parkingLot/main.go:172.27,173.37 1 0
parkingLot/main.go:173.37,175.13 2 0
parkingLot/main.go:177.4,180.18 4 0
parkingLot/main.go:180.18,183.5 2 0
parkingLot/main.go:183.10,185.5 1 0
parkingLot/main.go:187.9,187.27 1 0
parkingLot/main.go:187.27,190.24 2 0
parkingLot/main.go:190.24,192.5 1 0
parkingLot/main.go:192.10,195.19 3 0
parkingLot/main.go:195.19,197.34 2 0
parkingLot/main.go:197.34,198.31 1 0
parkingLot/main.go:198.31,200.8 1 0
parkingLot/main.go:202.11,204.6 1 0
parkingLot/main.go:206.9,206.27 1 0
parkingLot/main.go:206.27,207.37 1 0
parkingLot/main.go:207.37,209.13 2 0
parkingLot/main.go:211.4,211.45 1 0
parkingLot/main.go:211.45,213.5 1 0
parkingLot/main.go:214.9,214.27 1 0
parkingLot/main.go:214.27,216.34 2 0
parkingLot/main.go:217.12,218.29 1 0
parkingLot/main.go:219.12,220.32 1 0
parkingLot/main.go:221.12,222.33 1 0
parkingLot/main.go:224.4,226.23 3 0
parkingLot/main.go:227.11,229.60 2 0
parkingLot/main.go:230.11,232.63 2 0
parkingLot/main.go:233.11,235.64 2 0
parkingLot/main.go:236.12,237.31 1 0
parkingLot/main.go:239.9,239.27 1 0
parkingLot/main.go:239.27,241.9 2 0
parkingLot/main.go:242.9,244.4 1 0
parkingLot/model/parking.go:76.49,82.2 1 1
parkingLot/model/parking.go:84.39,90.2 1 1
parkingLot/model/parking.go:92.66,94.8 2 1
parkingLot/model/parking.go:94.8,96.3 1 1
parkingLot/model/parking.go:97.2,97.37 1 1
parkingLot/model/parking.go:100.74,102.8 2 1
parkingLot/model/parking.go:102.8,104.3 1 1
parkingLot/model/parking.go:105.2,105.52 1 1
parkingLot/parking/parkingModel.go:42.87,45.2 2 1
parkingLot/parking/parkingModel.go:49.83,58.2 2 1
parkingLot/parking/parkingModel.go:62.86,64.60 2 1
parkingLot/parking/parkingModel.go:64.60,66.3 1 0
parkingLot/parking/parkingModel.go:67.2,67.34 1 1
parkingLot/parking/parkingModel.go:132.49,138.2 1 1
parkingLot/parking/parkingModel.go:140.39,146.2 1 1
parkingLot/parking/parkingModel.go:147.60,148.16 1 1
parkingLot/parking/parkingModel.go:148.16,157.3 1 1
parkingLot/parking/parkingModel.go:158.2,165.8 1 1
parkingLot/parking/parkingModel.go:168.54,173.2 1 1
parkingLot/parking/parkingModel.go:175.87,187.2 2 1
parkingLot/parking/parkingModel.go:189.70,201.2 2 1
parkingLot/parking/parkingModel.go:203.36,205.2 1 1
parkingLot/parking/parkingModel.go:207.36,209.2 1 1
parkingLot/parking/parkingModel.go:211.36,213.2 1 1
parkingLot/parking/parkingModel.go:215.38,217.2 1 1
parkingLot/parking/parkingModel.go:219.42,221.2 1 1
parkingLot/parking/parkingModel.go:223.63,231.2 5 1
parkingLot/parking/parkingModel.go:233.59,234.12 1 1
parkingLot/parking/parkingModel.go:234.12,238.3 3 1
parkingLot/parking/parkingModel.go:238.8,242.3 3 1
parkingLot/parking/parkingModel.go:245.36,247.2 1 1
parkingLot/parking/parkingModel.go:249.47,250.51 1 1
parkingLot/parking/parkingModel.go:250.51,252.3 1 1
parkingLot/parking/parkingModel.go:258.50,259.60 1 1
parkingLot/parking/parkingModel.go:259.60,261.3 1 1
parkingLot/parking/parkingModel.go:268.53,270.2 1 1
parkingLot/parking/parkingModel.go:272.84,275.2 2 1
parkingLot/parking/parkingModel.go:277.68,279.2 1 1
parkingLot/parking/parkingModel.go:281.49,283.2 1 1
parkingLot/parking/parkingModel.go:285.51,287.2 1 1
parkingLot/parking/parkingModel.go:289.31,290.42 1 1
parkingLot/parking/parkingModel.go:290.42,292.3 1 1
parkingLot/parking/parkingModel.go:295.112,297.40 2 1
parkingLot/parking/parkingModel.go:297.40,298.51 1 1
parkingLot/parking/parkingModel.go:298.51,301.4 2 1
parkingLot/parking/parkingModel.go:303.2,303.21 1 0
parkingLot/parking/parkingModel.go:306.36,308.30 1 1
parkingLot/parking/parkingModel.go:308.30,312.3 3 1
parkingLot/parking/parkingModel.go:312.8,312.39 1 1
parkingLot/parking/parkingModel.go:312.39,316.3 3 1
parkingLot/parking/parkingModel.go:317.2,317.14 1 0
parkingLot/parking/parkingModel.go:320.65,321.28 1 1
parkingLot/parking/parkingModel.go:321.28,325.40 1 1
parkingLot/parking/parkingModel.go:325.40,327.4 1 1
parkingLot/parking/parkingModel.go:330.2,330.37 1 1
parkingLot/parking/parkingModel.go:333.66,335.8 2 1
parkingLot/parking/parkingModel.go:335.8,337.3 1 1
parkingLot/parking/parkingModel.go:338.2,338.37 1 1
parkingLot/parking/parkingModel.go:341.74,343.8 2 1
parkingLot/parking/parkingModel.go:343.8,345.3 1 1
parkingLot/parking/parkingModel.go:346.2,346.52 1 1
parkingLot/parking/parkingModel.go:349.83,360.27 1 1
parkingLot/parking/parkingModel.go:360.27,372.31 10 1
parkingLot/parking/parkingModel.go:372.31,375.4 1 1
parkingLot/parking/parkingModel.go:377.3,377.28 1 1
parkingLot/parking/parkingModel.go:378.8,382.3 1 1
parkingLot/parking/parkingModel.go:385.82,388.16 2 1
parkingLot/parking/parkingModel.go:388.16,389.27 1 1
parkingLot/parking/parkingModel.go:389.27,394.36 1 1
parkingLot/parking/parkingModel.go:394.36,395.31 1 1
parkingLot/parking/parkingModel.go:395.31,398.55 1 1
parkingLot/parking/parkingModel.go:398.55,405.37 6 1
parkingLot/parking/parkingModel.go:405.37,407.8 1 1
parkingLot/parking/parkingModel.go:411.7,411.83 1 1
parkingLot/parking/parkingModel.go:424.2,424.52 1 1
parkingLot/parking/parkingModel.go:427.85,431.16 3 1
parkingLot/parking/parkingModel.go:431.16,433.3 1 1
parkingLot/parking/parkingModel.go:434.2,435.34 2 1
parkingLot/parking/parkingModel.go:435.34,437.32 2 1
parkingLot/parking/parkingModel.go:437.32,438.12 1 1
parkingLot/parking/parkingModel.go:440.3,441.17 2 1
parkingLot/parking/parkingModel.go:441.17,446.4 3 1
parkingLot/parking/parkingModel.go:448.2,448.55 1 1
parkingLot/parking/parkingModel.go:501.84,511.35 1 1
parkingLot/parking/parkingModel.go:511.35,514.17 3 1
parkingLot/parking/parkingModel.go:514.17,517.4 2 1
parkingLot/parking/parkingModel.go:522.2,522.42 1 1
